2023-10-03 07:48:05 Loading main app package /opt/Obsidian/resources/obsidian.asar
2023-10-03 07:48:06 Checking for update using Github
2023-10-03 07:48:06 Success.
2023-10-03 07:48:06 Latest version is 1.4.14
2023-10-03 07:48:06 App is up to date.
2023-10-03 08:48:17 Checking for update using Github
2023-10-03 08:48:17 Success.
2023-10-03 08:48:17 Latest version is 1.4.14
2023-10-03 08:48:17 App is up to date.
2023-10-03 10:41:25 Checking for update using Github
2023-10-03 10:41:25 Success.
2023-10-03 10:41:25 Latest version is 1.4.14
2023-10-03 10:41:25 App is up to date.
2023-10-05 13:16:21 Loading main app package /opt/Obsidian/resources/obsidian.asar
2023-10-05 13:16:22 Checking for update using Github
2023-10-05 13:16:22 Success.
2023-10-05 13:16:22 Latest version is 1.4.14
2023-10-05 13:16:22 App is up to date.
2023-10-05 14:16:21 Checking for update using Github
2023-10-05 14:16:21 Success.
2023-10-05 14:16:21 Latest version is 1.4.14
2023-10-05 14:16:21 App is up to date.
2023-10-05 15:17:06 Checking for update using Github
2023-10-05 15:17:06 Failed to check for update using Github (net::ERR_INTERNET_DISCONNECTED)
2023-10-05 15:17:06 Checking for update using obsidian.md
2023-10-05 15:17:06 Failed to check for update using obsidian.md (net::ERR_INTERNET_DISCONNECTED)
2023-10-05 16:17:06 Checking for update using Github
2023-10-05 16:17:06 Success.
2023-10-05 16:17:06 Latest version is 1.4.14
2023-10-05 16:17:06 App is up to date.
2023-10-05 17:17:06 Checking for update using Github
2023-10-05 17:17:06 Success.
2023-10-05 17:17:06 Latest version is 1.4.14
2023-10-05 17:17:06 App is up to date.
2023-10-05 18:17:06 Checking for update using Github
2023-10-05 18:17:06 Success.
2023-10-05 18:17:06 Latest version is 1.4.14
2023-10-05 18:17:06 App is up to date.
2023-10-05 19:17:06 Checking for update using Github
2023-10-05 19:17:07 Success.
2023-10-05 19:17:07 Latest version is 1.4.14
2023-10-05 19:17:07 App is up to date.
2023-10-05 20:17:06 Checking for update using Github
2023-10-05 20:17:07 Success.
2023-10-05 20:17:07 Latest version is 1.4.14
2023-10-05 20:17:07 App is up to date.
2023-10-05 21:17:06 Checking for update using Github
2023-10-05 21:17:07 Success.
2023-10-05 21:17:07 Latest version is 1.4.14
2023-10-05 21:17:07 App is up to date.
2023-10-05 22:17:07 Checking for update using Github
2023-10-05 22:17:07 Success.
2023-10-05 22:17:07 Latest version is 1.4.14
2023-10-05 22:17:07 App is up to date.
2023-10-05 23:17:07 Checking for update using Github
2023-10-05 23:17:07 Success.
2023-10-05 23:17:07 Latest version is 1.4.14
2023-10-05 23:17:07 App is up to date.
2023-10-08 19:33:03 Loading main app package /opt/Obsidian/resources/obsidian.asar
2023-10-08 19:33:04 Checking for update using Github
2023-10-08 19:33:04 Success.
2023-10-08 19:33:04 Latest version is 1.4.14
2023-10-08 19:33:04 App is up to date.
2023-10-08 21:06:00 Checking for update using Github
2023-10-08 21:06:00 Success.
2023-10-08 21:06:00 Latest version is 1.4.14
2023-10-08 21:06:00 App is up to date.
2023-10-08 22:06:00 Checking for update using Github
2023-10-08 22:06:00 Success.
2023-10-08 22:06:00 Latest version is 1.4.14
2023-10-08 22:06:00 App is up to date.
2023-10-08 23:06:00 Checking for update using Github
2023-10-08 23:06:00 Success.
2023-10-08 23:06:00 Latest version is 1.4.14
2023-10-08 23:06:00 App is up to date.
2023-10-09 00:06:00 Checking for update using Github
2023-10-09 00:06:00 Success.
2023-10-09 00:06:00 Latest version is 1.4.14
2023-10-09 00:06:00 App is up to date.
2023-10-09 01:06:00 Checking for update using Github
2023-10-09 01:06:00 Success.
2023-10-09 01:06:00 Latest version is 1.4.14
2023-10-09 01:06:00 App is up to date.
2023-10-09 02:06:00 Checking for update using Github
2023-10-09 02:06:00 Success.
2023-10-09 02:06:00 Latest version is 1.4.14
2023-10-09 02:06:00 App is up to date.
2023-10-09 03:06:00 Checking for update using Github
2023-10-09 03:06:00 Success.
2023-10-09 03:06:00 Latest version is 1.4.14
2023-10-09 03:06:00 App is up to date.
2023-10-09 04:06:00 Checking for update using Github
2023-10-09 04:06:00 Success.
2023-10-09 04:06:00 Latest version is 1.4.14
2023-10-09 04:06:00 App is up to date.
2023-10-09 05:06:00 Checking for update using Github
2023-10-09 05:06:00 Success.
2023-10-09 05:06:00 Latest version is 1.4.14
2023-10-09 05:06:00 App is up to date.
2023-10-09 06:06:00 Checking for update using Github
2023-10-09 06:06:01 Success.
2023-10-09 06:06:01 Latest version is 1.4.14
2023-10-09 06:06:01 App is up to date.
2023-10-09 07:31:44 Checking for update using Github
2023-10-09 07:31:44 Success.
2023-10-09 07:31:44 Latest version is 1.4.14
2023-10-09 07:31:44 App is up to date.
2023-10-09 08:31:44 Checking for update using Github
2023-10-09 08:31:44 Success.
2023-10-09 08:31:44 Latest version is 1.4.14
2023-10-09 08:31:44 App is up to date.
2023-10-09 09:31:44 Checking for update using Github
2023-10-09 09:31:44 Success.
2023-10-09 09:31:44 Latest version is 1.4.14
2023-10-09 09:31:44 App is up to date.
2023-10-09 10:31:44 Checking for update using Github
2023-10-09 10:31:44 Success.
2023-10-09 10:31:44 Latest version is 1.4.14
2023-10-09 10:31:44 App is up to date.
2023-10-09 11:31:44 Checking for update using Github
2023-10-09 11:31:44 Success.
2023-10-09 11:31:44 Latest version is 1.4.14
2023-10-09 11:31:44 App is up to date.
2023-10-09 12:31:44 Checking for update using Github
2023-10-09 12:31:44 Success.
2023-10-09 12:31:44 Latest version is 1.4.14
2023-10-09 12:31:44 App is up to date.
2023-10-09 14:02:15 Checking for update using Github
2023-10-09 14:02:15 Failed to check for update using Github (net::ERR_INTERNET_DISCONNECTED)
2023-10-09 14:02:15 Checking for update using obsidian.md
2023-10-09 14:02:15 Failed to check for update using obsidian.md (net::ERR_INTERNET_DISCONNECTED)
2023-10-09 15:02:15 Checking for update using Github
2023-10-09 15:02:15 Failed to check for update using Github (net::ERR_INTERNET_DISCONNECTED)
2023-10-09 15:02:15 Checking for update using obsidian.md
2023-10-09 15:02:15 Failed to check for update using obsidian.md (net::ERR_INTERNET_DISCONNECTED)
2023-10-09 16:02:15 Checking for update using Github
2023-10-09 16:02:15 Success.
2023-10-09 16:02:15 Latest version is 1.4.14
2023-10-09 16:02:15 App is up to date.
2023-10-12 12:51:50 Loading main app package /usr/lib/obsidian/obsidian.asar
2023-10-12 12:51:50 Checking for update using Github
2023-10-12 12:51:50 Success.
2023-10-12 12:51:50 Latest version is 1.4.14
2023-10-12 12:51:50 App is up to date.
2023-10-12 13:12:49 Loading main app package /usr/lib/obsidian/obsidian.asar
2023-10-12 13:12:49 Checking for update using Github
2023-10-12 13:12:49 Success.
2023-10-12 13:12:49 Latest version is 1.4.14
2023-10-12 13:12:49 App is up to date.
2023-10-15 09:20:34 Loading main app package /usr/lib/obsidian/obsidian.asar
2023-10-15 09:20:34 Checking for update using Github
2023-10-15 09:20:34 Success.
2023-10-15 09:20:34 Latest version is 1.4.16
2023-10-15 09:20:34 Downloading update from https://github.com/obsidianmd/obsidian-releases/releases/download/v1.4.16/obsidian-1.4.16.asar.gz
2023-10-15 09:20:36 Verifying hash & signature. Size= 8394471
2023-10-15 09:20:36 Saving file
2023-10-15 09:20:36 Update complete.
2023-10-15 11:40:32 Loading updated app package /home/fwastring/.config/obsidian/obsidian-1.4.16.asar
2023-10-15 11:40:32 Checking for update using Github
2023-10-15 11:40:32 Failed to check for update using Github (net::ERR_INTERNET_DISCONNECTED)
2023-10-15 11:40:32 Checking for update using obsidian.md
2023-10-15 11:40:32 Failed to check for update using obsidian.md (net::ERR_INTERNET_DISCONNECTED)
2023-10-16 12:17:54 Loading updated app package /home/fwastring/.config/obsidian/obsidian-1.4.16.asar
2023-10-16 12:17:54 Checking for update using Github
2023-10-16 12:17:55 Success.
2023-10-16 12:17:55 Latest version is 1.4.16
2023-10-16 12:17:55 App is up to date.
