00:00:00.422984 VirtualBox GUI VM Selector Window 7.0.12 r159484 linux.amd64 (Oct 17 2023 12:57:12) release log
00:00:00.422985 Log opened 2023-11-05T17:05:23.302171000Z
00:00:00.422986 Build Type: release
00:00:00.422987 OS Product: Linux
00:00:00.422987 OS Release: 6.5.9-arch2-1
00:00:00.422988 OS Version: #1 SMP PREEMPT_DYNAMIC Thu, 26 Oct 2023 00:52:20 +0000
00:00:00.423005 DMI Product Name: Swift SF313-52G
00:00:00.423009 DMI Product Version: V1.11
00:00:00.423013 Firmware type: UEFI
00:00:00.424112 Secure Boot: Disabled
00:00:00.424162 Host RAM: 15676MB (15.3GB) total, 14392MB (14.0GB) available
00:00:00.424165 Executable: /usr/lib/virtualbox/VirtualBox
00:00:00.424165 Process ID: 2381
00:00:00.424166 Package type: LINUX_64BITS_GENERIC (OSE)
00:00:00.424207 Qt version: 5.15.11
00:00:00.425707 GUI: UIMediumEnumerator: Initial medium-enumeration finished!
00:00:00.433994 GUI: UIMediumEnumerator: Medium-enumeration started...
00:00:00.927946 GUI: UIDesktopWidgetWatchdog::sltHandleHostScreenAvailableGeometryCalculated: Screen 0 work area is actually resized to: 1239x31 x 1014x1470
00:00:00.935905 GUI: UIMediumEnumerator: Medium-enumeration finished!
00:00:06.432976 GUI: UIMediumEnumerator: Medium-enumeration finished!
00:00:52.405374 GUI: UIMediumEnumerator: Medium-enumeration finished!
00:00:52.427017 GUI: UIMediumEnumerator: Medium-enumeration finished!
00:01:23.070454 GUI: UICommon: Handling aboutToQuit request..
00:01:23.666981 GUI: UICommon: aboutToQuit request handled!
